2022-05-16_11-02-40 [restartedMain] INFO  c.p.p.PensionManagementPortalApplication - Starting PensionManagementPortalApplication using Java 15.0.2 on LAPTOP-99L8IUMB with PID 3244 (G:\eclipse-workspace\pms-PensionManagementPortal\target\classes started by KRITHIGA in G:\eclipse-workspace\pms-PensionManagementPortal)
2022-05-16_11-02-40 [restartedMain] INFO  c.p.p.PensionManagementPortalApplication - No active profile set, falling back to default profiles: default
2022-05-16_11-02-40 [restartedMain] INFO  o.s.b.d.e.DevToolsPropertyDefaultsPostProcessor - Devtools property defaults active! Set 'spring.devtools.add-properties' to 'false' to disable
2022-05-16_11-02-40 [restartedMain] INFO  o.s.b.d.e.DevToolsPropertyDefaultsPostProcessor - For additional web related logging consider setting the 'logging.level.web' property to 'DEBUG'
2022-05-16_11-02-40 [restartedMain] INFO  o.s.cloud.context.scope.GenericScope - BeanFactory id=e8e55ab1-785c-391f-85db-be343b653cee
2022-05-16_11-02-40 [restartedMain] INFO  o.s.c.s.PostProcessorRegistrationDelegate$BeanPostProcessorChecker - Bean 'com.pms.portal.feignclient.AuthorisingClient' of type [org.springframework.cloud.openfeign.FeignClientFactoryBean] is not eligible for getting processed by all BeanPostProcessors (for example: not eligible for auto-proxying)
2022-05-16_11-02-40 [restartedMain] INFO  o.s.c.s.PostProcessorRegistrationDelegate$BeanPostProcessorChecker - Bean 'com.pms.portal.feignclient.PensionerDetailFeignClient' of type [org.springframework.cloud.openfeign.FeignClientFactoryBean] is not eligible for getting processed by all BeanPostProcessors (for example: not eligible for auto-proxying)
2022-05-16_11-02-40 [restartedMain] INFO  o.s.c.s.PostProcessorRegistrationDelegate$BeanPostProcessorChecker - Bean 'com.pms.portal.feignclient.ProcessPensionFeignClient' of type [org.springframework.cloud.openfeign.FeignClientFactoryBean] is not eligible for getting processed by all BeanPostProcessors (for example: not eligible for auto-proxying)
2022-05-16_11-02-40 [restartedMain] INFO  o.s.b.w.e.tomcat.TomcatWebServer - Tomcat initialized with port(s): 8500 (http)
2022-05-16_11-02-40 [restartedMain] INFO  o.a.coyote.http11.Http11NioProtocol - Initializing ProtocolHandler ["http-nio-8500"]
2022-05-16_11-02-40 [restartedMain] INFO  o.a.catalina.core.StandardService - Starting service [Tomcat]
2022-05-16_11-02-40 [restartedMain] INFO  o.a.catalina.core.StandardEngine - Starting Servlet engine: [Apache Tomcat/9.0.41]
2022-05-16_11-02-40 [restartedMain] INFO  org.apache.jasper.servlet.TldScanner - At least one JAR was scanned for TLDs yet contained no TLDs. Enable debug logging for this logger for a complete list of JARs that were scanned but no TLDs were found in them. Skipping unneeded JARs during scanning can improve startup time and JSP compilation time.
2022-05-16_11-02-40 [restartedMain] INFO  o.a.c.c.C.[Tomcat].[localhost].[/] - Initializing Spring embedded WebApplicationContext
2022-05-16_11-02-40 [restartedMain] INFO  o.s.b.w.s.c.ServletWebServerApplicationContext - Root WebApplicationContext: initialization completed in 5263 ms
2022-05-16_11-02-40 [restartedMain] INFO  o.s.s.c.ThreadPoolTaskExecutor - Initializing ExecutorService 'applicationTaskExecutor'
2022-05-16_11-02-40 [restartedMain] INFO  o.s.b.a.e.web.EndpointLinksResolver - Exposing 2 endpoint(s) beneath base path '/actuator'
2022-05-16_11-02-40 [restartedMain] INFO  o.a.coyote.http11.Http11NioProtocol - Starting ProtocolHandler ["http-nio-8500"]
2022-05-16_11-02-40 [restartedMain] INFO  o.s.b.w.e.tomcat.TomcatWebServer - Tomcat started on port(s): 8500 (http) with context path ''
2022-05-16_11-02-40 [restartedMain] INFO  c.p.p.PensionManagementPortalApplication - Started PensionManagementPortalApplication in 8.653 seconds (JVM running for 9.933)
2022-05-16_13-54-06 [restartedMain] INFO  c.p.p.PensionManagementPortalApplication - Starting PensionManagementPortalApplication using Java 15.0.2 on LAPTOP-99L8IUMB with PID 6612 (G:\eclipse-workspace\pms-PensionManagementPortal\target\classes started by KRITHIGA in G:\eclipse-workspace\pms-PensionManagementPortal)
2022-05-16_13-54-06 [restartedMain] INFO  c.p.p.PensionManagementPortalApplication - No active profile set, falling back to default profiles: default
2022-05-16_13-54-06 [restartedMain] INFO  o.s.b.d.e.DevToolsPropertyDefaultsPostProcessor - Devtools property defaults active! Set 'spring.devtools.add-properties' to 'false' to disable
2022-05-16_13-54-06 [restartedMain] INFO  o.s.b.d.e.DevToolsPropertyDefaultsPostProcessor - For additional web related logging consider setting the 'logging.level.web' property to 'DEBUG'
2022-05-16_13-54-06 [restartedMain] INFO  o.s.cloud.context.scope.GenericScope - BeanFactory id=e8e55ab1-785c-391f-85db-be343b653cee
2022-05-16_13-54-06 [restartedMain] INFO  o.s.c.s.PostProcessorRegistrationDelegate$BeanPostProcessorChecker - Bean 'com.pms.portal.feignclient.AuthorisingClient' of type [org.springframework.cloud.openfeign.FeignClientFactoryBean] is not eligible for getting processed by all BeanPostProcessors (for example: not eligible for auto-proxying)
2022-05-16_13-54-06 [restartedMain] INFO  o.s.c.s.PostProcessorRegistrationDelegate$BeanPostProcessorChecker - Bean 'com.pms.portal.feignclient.PensionerDetailFeignClient' of type [org.springframework.cloud.openfeign.FeignClientFactoryBean] is not eligible for getting processed by all BeanPostProcessors (for example: not eligible for auto-proxying)
2022-05-16_13-54-06 [restartedMain] INFO  o.s.c.s.PostProcessorRegistrationDelegate$BeanPostProcessorChecker - Bean 'com.pms.portal.feignclient.ProcessPensionFeignClient' of type [org.springframework.cloud.openfeign.FeignClientFactoryBean] is not eligible for getting processed by all BeanPostProcessors (for example: not eligible for auto-proxying)
2022-05-16_13-54-06 [restartedMain] INFO  o.s.b.w.e.tomcat.TomcatWebServer - Tomcat initialized with port(s): 8500 (http)
2022-05-16_13-54-06 [restartedMain] INFO  o.a.coyote.http11.Http11NioProtocol - Initializing ProtocolHandler ["http-nio-8500"]
2022-05-16_13-54-06 [restartedMain] INFO  o.a.catalina.core.StandardService - Starting service [Tomcat]
2022-05-16_13-54-06 [restartedMain] INFO  o.a.catalina.core.StandardEngine - Starting Servlet engine: [Apache Tomcat/9.0.41]
2022-05-16_13-54-06 [restartedMain] INFO  org.apache.jasper.servlet.TldScanner - At least one JAR was scanned for TLDs yet contained no TLDs. Enable debug logging for this logger for a complete list of JARs that were scanned but no TLDs were found in them. Skipping unneeded JARs during scanning can improve startup time and JSP compilation time.
2022-05-16_13-54-06 [restartedMain] INFO  o.a.c.c.C.[Tomcat].[localhost].[/] - Initializing Spring embedded WebApplicationContext
2022-05-16_13-54-06 [restartedMain] INFO  o.s.b.w.s.c.ServletWebServerApplicationContext - Root WebApplicationContext: initialization completed in 2249 ms
2022-05-16_13-54-06 [restartedMain] INFO  o.s.s.c.ThreadPoolTaskExecutor - Initializing ExecutorService 'applicationTaskExecutor'
2022-05-16_13-54-06 [restartedMain] INFO  o.s.b.a.e.web.EndpointLinksResolver - Exposing 2 endpoint(s) beneath base path '/actuator'
2022-05-16_13-54-06 [restartedMain] INFO  o.a.coyote.http11.Http11NioProtocol - Starting ProtocolHandler ["http-nio-8500"]
2022-05-16_13-54-06 [restartedMain] INFO  o.s.b.w.e.tomcat.TomcatWebServer - Tomcat started on port(s): 8500 (http) with context path ''
2022-05-16_13-54-06 [restartedMain] INFO  c.p.p.PensionManagementPortalApplication - Started PensionManagementPortalApplication in 4.08 seconds (JVM running for 4.787)
2022-05-16_22-39-54 [main] INFO  o.s.b.t.c.SpringBootTestContextBootstrapper - Neither @ContextConfiguration nor @ContextHierarchy found for test class [com.pms.portal.PensionManagementPortalApplicationTests], using SpringBootContextLoader
2022-05-16_22-39-54 [main] INFO  o.s.t.c.s.AbstractContextLoader - Could not detect default resource locations for test class [com.pms.portal.PensionManagementPortalApplicationTests]: no resource found for suffixes {-context.xml, Context.groovy}.
2022-05-16_22-39-54 [main] INFO  o.s.t.c.s.AnnotationConfigContextLoaderUtils - Could not detect default configuration classes for test class [com.pms.portal.PensionManagementPortalApplicationTests]: PensionManagementPortalApplicationTests does not declare any static, non-private, non-final, nested classes annotated with @Configuration.
2022-05-16_22-39-54 [main] INFO  o.s.b.t.c.SpringBootTestContextBootstrapper - Found @SpringBootConfiguration com.pms.portal.PensionManagementPortalApplication for test class com.pms.portal.PensionManagementPortalApplicationTests
2022-05-16_22-39-54 [main] INFO  o.s.b.t.c.SpringBootTestContextBootstrapper - Loaded default TestExecutionListener class names from location [META-INF/spring.factories]: [org.springframework.boot.test.mock.mockito.MockitoTestExecutionListener, org.springframework.boot.test.mock.mockito.ResetMocksTestExecutionListener, org.springframework.boot.test.autoconfigure.restdocs.RestDocsTestExecutionListener, org.springframework.boot.test.autoconfigure.web.client.MockRestServiceServerResetTestExecutionListener, org.springframework.boot.test.autoconfigure.web.servlet.MockMvcPrintOnlyOnFailureTestExecutionListener, org.springframework.boot.test.autoconfigure.web.servlet.WebDriverTestExecutionListener, org.springframework.boot.test.autoconfigure.webservices.client.MockWebServiceServerTestExecutionListener, org.springframework.test.context.web.ServletTestExecutionListener, org.springframework.test.context.support.DirtiesContextBeforeModesTestExecutionListener, org.springframework.test.context.event.ApplicationEventsTestExecutionListener, org.springframework.test.context.support.DependencyInjectionTestExecutionListener, org.springframework.test.context.support.DirtiesContextTestExecutionListener, org.springframework.test.context.transaction.TransactionalTestExecutionListener, org.springframework.test.context.jdbc.SqlScriptsTestExecutionListener, org.springframework.test.context.event.EventPublishingTestExecutionListener]
2022-05-16_22-39-54 [main] INFO  o.s.b.t.c.SpringBootTestContextBootstrapper - Using TestExecutionListeners: [org.springframework.test.context.web.ServletTestExecutionListener@37f21974, org.springframework.test.context.support.DirtiesContextBeforeModesTestExecutionListener@5f4d427e, org.springframework.test.context.event.ApplicationEventsTestExecutionListener@6e521c1e, org.springframework.boot.test.mock.mockito.MockitoTestExecutionListener@224b4d61, org.springframework.boot.test.autoconfigure.SpringBootDependencyInjectionTestExecutionListener@5d5d9e5, org.springframework.test.context.support.DirtiesContextTestExecutionListener@303e3593, org.springframework.test.context.event.EventPublishingTestExecutionListener@4ef27d66, org.springframework.boot.test.mock.mockito.ResetMocksTestExecutionListener@362a019c, org.springframework.boot.test.autoconfigure.restdocs.RestDocsTestExecutionListener@1d9bec4d, org.springframework.boot.test.autoconfigure.web.client.MockRestServiceServerResetTestExecutionListener@5c48c0c0, org.springframework.boot.test.autoconfigure.web.servlet.MockMvcPrintOnlyOnFailureTestExecutionListener@10c8f62, org.springframework.boot.test.autoconfigure.web.servlet.WebDriverTestExecutionListener@674c583e, org.springframework.boot.test.autoconfigure.webservices.client.MockWebServiceServerTestExecutionListener@25f7391e]
2022-05-16_22-39-55 [main] INFO  c.p.p.PensionManagementPortalApplicationTests - Starting PensionManagementPortalApplicationTests using Java 15.0.2 on LAPTOP-99L8IUMB with PID 4068 (started by KRITHIGA in G:\Spring and Angular\pms-springboot-microservices\pms-PensionManagementPortal)
2022-05-16_22-39-55 [main] INFO  c.p.p.PensionManagementPortalApplicationTests - No active profile set, falling back to default profiles: default
2022-05-16_22-39-55 [main] INFO  o.s.cloud.context.scope.GenericScope - BeanFactory id=76054048-6157-377c-a98b-336b2940feee
2022-05-16_22-39-55 [main] INFO  o.s.c.s.PostProcessorRegistrationDelegate$BeanPostProcessorChecker - Bean 'com.pms.portal.feignclient.AuthorisingClient' of type [org.springframework.cloud.openfeign.FeignClientFactoryBean] is not eligible for getting processed by all BeanPostProcessors (for example: not eligible for auto-proxying)
2022-05-16_22-39-55 [main] INFO  o.s.c.s.PostProcessorRegistrationDelegate$BeanPostProcessorChecker - Bean 'com.pms.portal.feignclient.PensionerDetailFeignClient' of type [org.springframework.cloud.openfeign.FeignClientFactoryBean] is not eligible for getting processed by all BeanPostProcessors (for example: not eligible for auto-proxying)
2022-05-16_22-39-55 [main] INFO  o.s.c.s.PostProcessorRegistrationDelegate$BeanPostProcessorChecker - Bean 'com.pms.portal.feignclient.ProcessPensionFeignClient' of type [org.springframework.cloud.openfeign.FeignClientFactoryBean] is not eligible for getting processed by all BeanPostProcessors (for example: not eligible for auto-proxying)
2022-05-16_22-39-55 [main] INFO  o.s.s.c.ThreadPoolTaskExecutor - Initializing ExecutorService 'applicationTaskExecutor'
2022-05-16_22-39-55 [main] INFO  o.s.b.a.e.web.EndpointLinksResolver - Exposing 2 endpoint(s) beneath base path '/actuator'
2022-05-16_22-39-55 [main] INFO  c.p.p.PensionManagementPortalApplicationTests - Started PensionManagementPortalApplicationTests in 2.898 seconds (JVM running for 4.132)
2022-05-16_22-39-55 [SpringContextShutdownHook] INFO  o.s.s.c.ThreadPoolTaskExecutor - Shutting down ExecutorService 'applicationTaskExecutor'
2022-05-16_22-56-52 [main] INFO  o.s.b.t.c.SpringBootTestContextBootstrapper - Neither @ContextConfiguration nor @ContextHierarchy found for test class [com.pms.portal.PensionManagementPortalApplicationTests], using SpringBootContextLoader
2022-05-16_22-56-52 [main] INFO  o.s.t.c.s.AbstractContextLoader - Could not detect default resource locations for test class [com.pms.portal.PensionManagementPortalApplicationTests]: no resource found for suffixes {-context.xml, Context.groovy}.
2022-05-16_22-56-52 [main] INFO  o.s.t.c.s.AnnotationConfigContextLoaderUtils - Could not detect default configuration classes for test class [com.pms.portal.PensionManagementPortalApplicationTests]: PensionManagementPortalApplicationTests does not declare any static, non-private, non-final, nested classes annotated with @Configuration.
2022-05-16_22-56-52 [main] INFO  o.s.b.t.c.SpringBootTestContextBootstrapper - Found @SpringBootConfiguration com.pms.portal.PensionManagementPortalApplication for test class com.pms.portal.PensionManagementPortalApplicationTests
2022-05-16_22-56-52 [main] INFO  o.s.b.t.c.SpringBootTestContextBootstrapper - Loaded default TestExecutionListener class names from location [META-INF/spring.factories]: [org.springframework.boot.test.mock.mockito.MockitoTestExecutionListener, org.springframework.boot.test.mock.mockito.ResetMocksTestExecutionListener, org.springframework.boot.test.autoconfigure.restdocs.RestDocsTestExecutionListener, org.springframework.boot.test.autoconfigure.web.client.MockRestServiceServerResetTestExecutionListener, org.springframework.boot.test.autoconfigure.web.servlet.MockMvcPrintOnlyOnFailureTestExecutionListener, org.springframework.boot.test.autoconfigure.web.servlet.WebDriverTestExecutionListener, org.springframework.boot.test.autoconfigure.webservices.client.MockWebServiceServerTestExecutionListener, org.springframework.test.context.web.ServletTestExecutionListener, org.springframework.test.context.support.DirtiesContextBeforeModesTestExecutionListener, org.springframework.test.context.event.ApplicationEventsTestExecutionListener, org.springframework.test.context.support.DependencyInjectionTestExecutionListener, org.springframework.test.context.support.DirtiesContextTestExecutionListener, org.springframework.test.context.transaction.TransactionalTestExecutionListener, org.springframework.test.context.jdbc.SqlScriptsTestExecutionListener, org.springframework.test.context.event.EventPublishingTestExecutionListener]
2022-05-16_22-56-52 [main] INFO  o.s.b.t.c.SpringBootTestContextBootstrapper - Using TestExecutionListeners: [org.springframework.test.context.web.ServletTestExecutionListener@37f21974, org.springframework.test.context.support.DirtiesContextBeforeModesTestExecutionListener@5f4d427e, org.springframework.test.context.event.ApplicationEventsTestExecutionListener@6e521c1e, org.springframework.boot.test.mock.mockito.MockitoTestExecutionListener@224b4d61, org.springframework.boot.test.autoconfigure.SpringBootDependencyInjectionTestExecutionListener@5d5d9e5, org.springframework.test.context.support.DirtiesContextTestExecutionListener@303e3593, org.springframework.test.context.event.EventPublishingTestExecutionListener@4ef27d66, org.springframework.boot.test.mock.mockito.ResetMocksTestExecutionListener@362a019c, org.springframework.boot.test.autoconfigure.restdocs.RestDocsTestExecutionListener@1d9bec4d, org.springframework.boot.test.autoconfigure.web.client.MockRestServiceServerResetTestExecutionListener@5c48c0c0, org.springframework.boot.test.autoconfigure.web.servlet.MockMvcPrintOnlyOnFailureTestExecutionListener@10c8f62, org.springframework.boot.test.autoconfigure.web.servlet.WebDriverTestExecutionListener@674c583e, org.springframework.boot.test.autoconfigure.webservices.client.MockWebServiceServerTestExecutionListener@25f7391e]
2022-05-16_22-56-53 [main] INFO  c.p.p.PensionManagementPortalApplicationTests - Starting PensionManagementPortalApplicationTests using Java 15.0.2 on LAPTOP-99L8IUMB with PID 11584 (started by KRITHIGA in G:\Spring and Angular\pms-springboot-microservices\pms-PensionManagementPortal)
2022-05-16_22-56-53 [main] INFO  c.p.p.PensionManagementPortalApplicationTests - No active profile set, falling back to default profiles: default
2022-05-16_22-56-53 [main] INFO  o.s.cloud.context.scope.GenericScope - BeanFactory id=76054048-6157-377c-a98b-336b2940feee
2022-05-16_22-56-53 [main] INFO  o.s.c.s.PostProcessorRegistrationDelegate$BeanPostProcessorChecker - Bean 'com.pms.portal.feignclient.AuthorisingClient' of type [org.springframework.cloud.openfeign.FeignClientFactoryBean] is not eligible for getting processed by all BeanPostProcessors (for example: not eligible for auto-proxying)
2022-05-16_22-56-53 [main] INFO  o.s.c.s.PostProcessorRegistrationDelegate$BeanPostProcessorChecker - Bean 'com.pms.portal.feignclient.PensionerDetailFeignClient' of type [org.springframework.cloud.openfeign.FeignClientFactoryBean] is not eligible for getting processed by all BeanPostProcessors (for example: not eligible for auto-proxying)
2022-05-16_22-56-53 [main] INFO  o.s.c.s.PostProcessorRegistrationDelegate$BeanPostProcessorChecker - Bean 'com.pms.portal.feignclient.ProcessPensionFeignClient' of type [org.springframework.cloud.openfeign.FeignClientFactoryBean] is not eligible for getting processed by all BeanPostProcessors (for example: not eligible for auto-proxying)
2022-05-16_22-56-53 [main] INFO  o.s.s.c.ThreadPoolTaskExecutor - Initializing ExecutorService 'applicationTaskExecutor'
2022-05-16_22-56-53 [main] INFO  o.s.b.a.e.web.EndpointLinksResolver - Exposing 2 endpoint(s) beneath base path '/actuator'
2022-05-16_22-56-53 [main] INFO  c.p.p.PensionManagementPortalApplicationTests - Started PensionManagementPortalApplicationTests in 3.377 seconds (JVM running for 5.106)
2022-05-16_22-56-53 [SpringContextShutdownHook] INFO  o.s.s.c.ThreadPoolTaskExecutor - Shutting down ExecutorService 'applicationTaskExecutor'
2022-05-16_23-24-49 [restartedMain] INFO  c.p.p.PensionManagementPortalApplication - Starting PensionManagementPortalApplication using Java 15.0.2 on LAPTOP-99L8IUMB with PID 19352 (G:\Spring and Angular\pms-springboot-microservices\pms-PensionManagementPortal\target\classes started by KRITHIGA in G:\Spring and Angular\pms-springboot-microservices\pms-PensionManagementPortal)
2022-05-16_23-24-49 [restartedMain] INFO  c.p.p.PensionManagementPortalApplication - No active profile set, falling back to default profiles: default
2022-05-16_23-24-49 [restartedMain] INFO  o.s.b.d.e.DevToolsPropertyDefaultsPostProcessor - Devtools property defaults active! Set 'spring.devtools.add-properties' to 'false' to disable
2022-05-16_23-24-49 [restartedMain] INFO  o.s.b.d.e.DevToolsPropertyDefaultsPostProcessor - For additional web related logging consider setting the 'logging.level.web' property to 'DEBUG'
2022-05-16_23-24-49 [restartedMain] INFO  o.s.cloud.context.scope.GenericScope - BeanFactory id=e8e55ab1-785c-391f-85db-be343b653cee
2022-05-16_23-24-49 [restartedMain] INFO  o.s.c.s.PostProcessorRegistrationDelegate$BeanPostProcessorChecker - Bean 'com.pms.portal.feignclient.AuthorisingClient' of type [org.springframework.cloud.openfeign.FeignClientFactoryBean] is not eligible for getting processed by all BeanPostProcessors (for example: not eligible for auto-proxying)
2022-05-16_23-24-49 [restartedMain] INFO  o.s.c.s.PostProcessorRegistrationDelegate$BeanPostProcessorChecker - Bean 'com.pms.portal.feignclient.PensionerDetailFeignClient' of type [org.springframework.cloud.openfeign.FeignClientFactoryBean] is not eligible for getting processed by all BeanPostProcessors (for example: not eligible for auto-proxying)
2022-05-16_23-24-49 [restartedMain] INFO  o.s.c.s.PostProcessorRegistrationDelegate$BeanPostProcessorChecker - Bean 'com.pms.portal.feignclient.ProcessPensionFeignClient' of type [org.springframework.cloud.openfeign.FeignClientFactoryBean] is not eligible for getting processed by all BeanPostProcessors (for example: not eligible for auto-proxying)
2022-05-16_23-24-49 [restartedMain] INFO  o.s.b.w.e.tomcat.TomcatWebServer - Tomcat initialized with port(s): 8500 (http)
2022-05-16_23-24-49 [restartedMain] INFO  o.a.coyote.http11.Http11NioProtocol - Initializing ProtocolHandler ["http-nio-8500"]
2022-05-16_23-24-49 [restartedMain] INFO  o.a.catalina.core.StandardService - Starting service [Tomcat]
2022-05-16_23-24-49 [restartedMain] INFO  o.a.catalina.core.StandardEngine - Starting Servlet engine: [Apache Tomcat/9.0.41]
2022-05-16_23-24-49 [restartedMain] INFO  org.apache.jasper.servlet.TldScanner - At least one JAR was scanned for TLDs yet contained no TLDs. Enable debug logging for this logger for a complete list of JARs that were scanned but no TLDs were found in them. Skipping unneeded JARs during scanning can improve startup time and JSP compilation time.
2022-05-16_23-24-49 [restartedMain] INFO  o.a.c.c.C.[Tomcat].[localhost].[/] - Initializing Spring embedded WebApplicationContext
2022-05-16_23-24-49 [restartedMain] INFO  o.s.b.w.s.c.ServletWebServerApplicationContext - Root WebApplicationContext: initialization completed in 2092 ms
2022-05-16_23-24-49 [restartedMain] INFO  o.s.s.c.ThreadPoolTaskExecutor - Initializing ExecutorService 'applicationTaskExecutor'
2022-05-16_23-24-49 [restartedMain] INFO  o.s.b.a.e.web.EndpointLinksResolver - Exposing 2 endpoint(s) beneath base path '/actuator'
2022-05-16_23-24-49 [restartedMain] INFO  o.a.coyote.http11.Http11NioProtocol - Starting ProtocolHandler ["http-nio-8500"]
2022-05-16_23-24-49 [restartedMain] INFO  o.s.b.w.e.tomcat.TomcatWebServer - Tomcat started on port(s): 8500 (http) with context path ''
2022-05-16_23-24-49 [restartedMain] INFO  c.p.p.PensionManagementPortalApplication - Started PensionManagementPortalApplication in 3.698 seconds (JVM running for 4.844)
2022-05-16_23-54-02 [restartedMain] INFO  c.p.p.PensionManagementPortalApplication - Starting PensionManagementPortalApplication using Java 15.0.2 on LAPTOP-99L8IUMB with PID 9508 (G:\Spring and Angular\pms-springboot-microservices\pms-PensionManagementPortal\target\classes started by KRITHIGA in G:\Spring and Angular\pms-springboot-microservices\pms-PensionManagementPortal)
2022-05-16_23-54-02 [restartedMain] INFO  c.p.p.PensionManagementPortalApplication - No active profile set, falling back to default profiles: default
2022-05-16_23-54-02 [restartedMain] INFO  o.s.b.d.e.DevToolsPropertyDefaultsPostProcessor - Devtools property defaults active! Set 'spring.devtools.add-properties' to 'false' to disable
2022-05-16_23-54-02 [restartedMain] INFO  o.s.b.d.e.DevToolsPropertyDefaultsPostProcessor - For additional web related logging consider setting the 'logging.level.web' property to 'DEBUG'
2022-05-16_23-54-02 [restartedMain] INFO  o.s.cloud.context.scope.GenericScope - BeanFactory id=e8e55ab1-785c-391f-85db-be343b653cee
2022-05-16_23-54-02 [restartedMain] INFO  o.s.c.s.PostProcessorRegistrationDelegate$BeanPostProcessorChecker - Bean 'com.pms.portal.feignclient.AuthorisingClient' of type [org.springframework.cloud.openfeign.FeignClientFactoryBean] is not eligible for getting processed by all BeanPostProcessors (for example: not eligible for auto-proxying)
2022-05-16_23-54-02 [restartedMain] INFO  o.s.c.s.PostProcessorRegistrationDelegate$BeanPostProcessorChecker - Bean 'com.pms.portal.feignclient.PensionerDetailFeignClient' of type [org.springframework.cloud.openfeign.FeignClientFactoryBean] is not eligible for getting processed by all BeanPostProcessors (for example: not eligible for auto-proxying)
2022-05-16_23-54-02 [restartedMain] INFO  o.s.c.s.PostProcessorRegistrationDelegate$BeanPostProcessorChecker - Bean 'com.pms.portal.feignclient.ProcessPensionFeignClient' of type [org.springframework.cloud.openfeign.FeignClientFactoryBean] is not eligible for getting processed by all BeanPostProcessors (for example: not eligible for auto-proxying)
2022-05-16_23-54-02 [restartedMain] INFO  o.s.b.w.e.tomcat.TomcatWebServer - Tomcat initialized with port(s): 8500 (http)
2022-05-16_23-54-02 [restartedMain] INFO  o.a.coyote.http11.Http11NioProtocol - Initializing ProtocolHandler ["http-nio-8500"]
2022-05-16_23-54-02 [restartedMain] INFO  o.a.catalina.core.StandardService - Starting service [Tomcat]
2022-05-16_23-54-02 [restartedMain] INFO  o.a.catalina.core.StandardEngine - Starting Servlet engine: [Apache Tomcat/9.0.41]
2022-05-16_23-54-02 [restartedMain] INFO  org.apache.jasper.servlet.TldScanner - At least one JAR was scanned for TLDs yet contained no TLDs. Enable debug logging for this logger for a complete list of JARs that were scanned but no TLDs were found in them. Skipping unneeded JARs during scanning can improve startup time and JSP compilation time.
2022-05-16_23-54-02 [restartedMain] INFO  o.a.c.c.C.[Tomcat].[localhost].[/] - Initializing Spring embedded WebApplicationContext
2022-05-16_23-54-02 [restartedMain] INFO  o.s.b.w.s.c.ServletWebServerApplicationContext - Root WebApplicationContext: initialization completed in 2355 ms
2022-05-16_23-54-02 [restartedMain] INFO  o.s.s.c.ThreadPoolTaskExecutor - Initializing ExecutorService 'applicationTaskExecutor'
2022-05-16_23-54-02 [restartedMain] INFO  o.s.b.a.e.web.EndpointLinksResolver - Exposing 2 endpoint(s) beneath base path '/actuator'
2022-05-16_23-54-02 [restartedMain] INFO  o.a.coyote.http11.Http11NioProtocol - Starting ProtocolHandler ["http-nio-8500"]
2022-05-16_23-54-02 [restartedMain] INFO  o.s.b.w.e.tomcat.TomcatWebServer - Tomcat started on port(s): 8500 (http) with context path ''
2022-05-16_23-54-02 [restartedMain] INFO  c.p.p.PensionManagementPortalApplication - Started PensionManagementPortalApplication in 4.059 seconds (JVM running for 4.802)
