2022-05-23_02-17-48 [main] INFO  o.s.b.t.c.SpringBootTestContextBootstrapper - Neither @ContextConfiguration nor @ContextHierarchy found for test class [com.pms.portal.PensionManagementPortalApplicationTests], using SpringBootContextLoader
2022-05-23_02-17-48 [main] INFO  o.s.t.c.s.AbstractContextLoader - Could not detect default resource locations for test class [com.pms.portal.PensionManagementPortalApplicationTests]: no resource found for suffixes {-context.xml, Context.groovy}.
2022-05-23_02-17-48 [main] INFO  o.s.t.c.s.AnnotationConfigContextLoaderUtils - Could not detect default configuration classes for test class [com.pms.portal.PensionManagementPortalApplicationTests]: PensionManagementPortalApplicationTests does not declare any static, non-private, non-final, nested classes annotated with @Configuration.
2022-05-23_02-17-48 [main] INFO  o.s.b.t.c.SpringBootTestContextBootstrapper - Found @SpringBootConfiguration com.pms.portal.PensionManagementPortalApplication for test class com.pms.portal.PensionManagementPortalApplicationTests
2022-05-23_02-17-48 [main] INFO  o.s.b.t.c.SpringBootTestContextBootstrapper - Loaded default TestExecutionListener class names from location [META-INF/spring.factories]: [org.springframework.boot.test.mock.mockito.MockitoTestExecutionListener, org.springframework.boot.test.mock.mockito.ResetMocksTestExecutionListener, org.springframework.boot.test.autoconfigure.restdocs.RestDocsTestExecutionListener, org.springframework.boot.test.autoconfigure.web.client.MockRestServiceServerResetTestExecutionListener, org.springframework.boot.test.autoconfigure.web.servlet.MockMvcPrintOnlyOnFailureTestExecutionListener, org.springframework.boot.test.autoconfigure.web.servlet.WebDriverTestExecutionListener, org.springframework.boot.test.autoconfigure.webservices.client.MockWebServiceServerTestExecutionListener, org.springframework.test.context.web.ServletTestExecutionListener, org.springframework.test.context.support.DirtiesContextBeforeModesTestExecutionListener, org.springframework.test.context.event.ApplicationEventsTestExecutionListener, org.springframework.test.context.support.DependencyInjectionTestExecutionListener, org.springframework.test.context.support.DirtiesContextTestExecutionListener, org.springframework.test.context.transaction.TransactionalTestExecutionListener, org.springframework.test.context.jdbc.SqlScriptsTestExecutionListener, org.springframework.test.context.event.EventPublishingTestExecutionListener]
2022-05-23_02-17-48 [main] INFO  o.s.b.t.c.SpringBootTestContextBootstrapper - Using TestExecutionListeners: [org.springframework.test.context.web.ServletTestExecutionListener@37f21974, org.springframework.test.context.support.DirtiesContextBeforeModesTestExecutionListener@5f4d427e, org.springframework.test.context.event.ApplicationEventsTestExecutionListener@6e521c1e, org.springframework.boot.test.mock.mockito.MockitoTestExecutionListener@224b4d61, org.springframework.boot.test.autoconfigure.SpringBootDependencyInjectionTestExecutionListener@5d5d9e5, org.springframework.test.context.support.DirtiesContextTestExecutionListener@303e3593, org.springframework.test.context.event.EventPublishingTestExecutionListener@4ef27d66, org.springframework.boot.test.mock.mockito.ResetMocksTestExecutionListener@362a019c, org.springframework.boot.test.autoconfigure.restdocs.RestDocsTestExecutionListener@1d9bec4d, org.springframework.boot.test.autoconfigure.web.client.MockRestServiceServerResetTestExecutionListener@5c48c0c0, org.springframework.boot.test.autoconfigure.web.servlet.MockMvcPrintOnlyOnFailureTestExecutionListener@10c8f62, org.springframework.boot.test.autoconfigure.web.servlet.WebDriverTestExecutionListener@674c583e, org.springframework.boot.test.autoconfigure.webservices.client.MockWebServiceServerTestExecutionListener@25f7391e]
2022-05-23_02-17-48 [main] INFO  c.p.p.PensionManagementPortalApplicationTests - Starting PensionManagementPortalApplicationTests using Java 15.0.2 on LAPTOP-99L8IUMB with PID 14380 (started by KRITHIGA in G:\Spring and Angular\pms-springboot-microservices\pms-pensionmanagementportal)
2022-05-23_02-17-48 [main] INFO  c.p.p.PensionManagementPortalApplicationTests - No active profile set, falling back to default profiles: default
2022-05-23_02-17-48 [main] INFO  o.s.cloud.context.scope.GenericScope - BeanFactory id=873e7e8d-3d33-375b-a8bc-6161ed0cfa74
2022-05-23_02-17-48 [main] INFO  o.s.c.s.PostProcessorRegistrationDelegate$BeanPostProcessorChecker - Bean 'com.pms.portal.feignclient.AuthorisingClient' of type [org.springframework.cloud.openfeign.FeignClientFactoryBean] is not eligible for getting processed by all BeanPostProcessors (for example: not eligible for auto-proxying)
2022-05-23_02-17-48 [main] INFO  o.s.c.s.PostProcessorRegistrationDelegate$BeanPostProcessorChecker - Bean 'com.pms.portal.feignclient.PensionerDetailFeignClient' of type [org.springframework.cloud.openfeign.FeignClientFactoryBean] is not eligible for getting processed by all BeanPostProcessors (for example: not eligible for auto-proxying)
2022-05-23_02-17-48 [main] INFO  o.s.c.s.PostProcessorRegistrationDelegate$BeanPostProcessorChecker - Bean 'com.pms.portal.feignclient.ProcessPensionFeignClient' of type [org.springframework.cloud.openfeign.FeignClientFactoryBean] is not eligible for getting processed by all BeanPostProcessors (for example: not eligible for auto-proxying)
2022-05-23_02-17-48 [main] INFO  o.s.s.c.ThreadPoolTaskExecutor - Initializing ExecutorService 'applicationTaskExecutor'
2022-05-23_02-17-48 [main] INFO  o.s.b.a.e.web.EndpointLinksResolver - Exposing 2 endpoint(s) beneath base path '/actuator'
2022-05-23_02-17-48 [main] INFO  c.p.p.PensionManagementPortalApplicationTests - Started PensionManagementPortalApplicationTests in 3.405 seconds (JVM running for 4.801)
2022-05-23_02-17-48 [SpringContextShutdownHook] INFO  o.s.s.c.ThreadPoolTaskExecutor - Shutting down ExecutorService 'applicationTaskExecutor'
2022-05-23_02-58-06 [restartedMain] INFO  c.p.p.PensionManagementPortalApplication - Starting PensionManagementPortalApplication using Java 15.0.2 on LAPTOP-99L8IUMB with PID 22452 (G:\Spring and Angular\pms-springboot-microservices\pms-pensionmanagementportal\target\classes started by KRITHIGA in G:\Spring and Angular\pms-springboot-microservices\pms-pensionmanagementportal)
2022-05-23_02-58-06 [restartedMain] INFO  c.p.p.PensionManagementPortalApplication - No active profile set, falling back to default profiles: default
2022-05-23_02-58-06 [restartedMain] INFO  o.s.b.d.e.DevToolsPropertyDefaultsPostProcessor - Devtools property defaults active! Set 'spring.devtools.add-properties' to 'false' to disable
2022-05-23_02-58-06 [restartedMain] INFO  o.s.b.d.e.DevToolsPropertyDefaultsPostProcessor - For additional web related logging consider setting the 'logging.level.web' property to 'DEBUG'
2022-05-23_02-58-06 [restartedMain] INFO  o.s.cloud.context.scope.GenericScope - BeanFactory id=c2473bc8-a931-3f25-be51-07ab7b6fa7ba
2022-05-23_02-58-06 [restartedMain] INFO  o.s.c.s.PostProcessorRegistrationDelegate$BeanPostProcessorChecker - Bean 'com.pms.portal.feignclient.AuthorisingClient' of type [org.springframework.cloud.openfeign.FeignClientFactoryBean] is not eligible for getting processed by all BeanPostProcessors (for example: not eligible for auto-proxying)
2022-05-23_02-58-06 [restartedMain] INFO  o.s.c.s.PostProcessorRegistrationDelegate$BeanPostProcessorChecker - Bean 'com.pms.portal.feignclient.PensionerDetailFeignClient' of type [org.springframework.cloud.openfeign.FeignClientFactoryBean] is not eligible for getting processed by all BeanPostProcessors (for example: not eligible for auto-proxying)
2022-05-23_02-58-06 [restartedMain] INFO  o.s.c.s.PostProcessorRegistrationDelegate$BeanPostProcessorChecker - Bean 'com.pms.portal.feignclient.ProcessPensionFeignClient' of type [org.springframework.cloud.openfeign.FeignClientFactoryBean] is not eligible for getting processed by all BeanPostProcessors (for example: not eligible for auto-proxying)
2022-05-23_02-58-06 [restartedMain] INFO  o.s.b.w.e.tomcat.TomcatWebServer - Tomcat initialized with port(s): 8500 (http)
2022-05-23_02-58-06 [restartedMain] INFO  o.a.coyote.http11.Http11NioProtocol - Initializing ProtocolHandler ["http-nio-8500"]
2022-05-23_02-58-06 [restartedMain] INFO  o.a.catalina.core.StandardService - Starting service [Tomcat]
2022-05-23_02-58-06 [restartedMain] INFO  o.a.catalina.core.StandardEngine - Starting Servlet engine: [Apache Tomcat/9.0.41]
2022-05-23_02-58-06 [restartedMain] INFO  org.apache.jasper.servlet.TldScanner - At least one JAR was scanned for TLDs yet contained no TLDs. Enable debug logging for this logger for a complete list of JARs that were scanned but no TLDs were found in them. Skipping unneeded JARs during scanning can improve startup time and JSP compilation time.
2022-05-23_02-58-06 [restartedMain] INFO  o.a.c.c.C.[Tomcat].[localhost].[/] - Initializing Spring embedded WebApplicationContext
2022-05-23_02-58-06 [restartedMain] INFO  o.s.b.w.s.c.ServletWebServerApplicationContext - Root WebApplicationContext: initialization completed in 3814 ms
2022-05-23_02-58-06 [restartedMain] INFO  o.s.s.c.ThreadPoolTaskExecutor - Initializing ExecutorService 'applicationTaskExecutor'
2022-05-23_02-58-06 [restartedMain] INFO  o.s.b.a.e.web.EndpointLinksResolver - Exposing 2 endpoint(s) beneath base path '/actuator'
2022-05-23_02-58-06 [restartedMain] INFO  o.a.coyote.http11.Http11NioProtocol - Starting ProtocolHandler ["http-nio-8500"]
2022-05-23_02-58-06 [restartedMain] INFO  o.s.b.w.e.tomcat.TomcatWebServer - Tomcat started on port(s): 8500 (http) with context path ''
2022-05-23_02-58-06 [restartedMain] INFO  c.p.p.PensionManagementPortalApplication - Started PensionManagementPortalApplication in 5.739 seconds (JVM running for 6.643)
2022-05-23_10-54-12 [restartedMain] INFO  c.p.p.PensionManagementPortalApplication - Starting PensionManagementPortalApplication using Java 15.0.2 on LAPTOP-99L8IUMB with PID 19044 (G:\Spring and Angular\pms-springboot-microservices\pms-pensionmanagementportal\target\classes started by KRITHIGA in G:\Spring and Angular\pms-springboot-microservices\pms-pensionmanagementportal)
2022-05-23_10-54-12 [restartedMain] INFO  c.p.p.PensionManagementPortalApplication - No active profile set, falling back to default profiles: default
2022-05-23_10-54-12 [restartedMain] INFO  o.s.b.d.e.DevToolsPropertyDefaultsPostProcessor - Devtools property defaults active! Set 'spring.devtools.add-properties' to 'false' to disable
2022-05-23_10-54-12 [restartedMain] INFO  o.s.b.d.e.DevToolsPropertyDefaultsPostProcessor - For additional web related logging consider setting the 'logging.level.web' property to 'DEBUG'
2022-05-23_10-54-12 [restartedMain] INFO  o.s.cloud.context.scope.GenericScope - BeanFactory id=c2473bc8-a931-3f25-be51-07ab7b6fa7ba
2022-05-23_10-54-12 [restartedMain] INFO  o.s.c.s.PostProcessorRegistrationDelegate$BeanPostProcessorChecker - Bean 'com.pms.portal.feignclient.AuthorisingClient' of type [org.springframework.cloud.openfeign.FeignClientFactoryBean] is not eligible for getting processed by all BeanPostProcessors (for example: not eligible for auto-proxying)
2022-05-23_10-54-12 [restartedMain] INFO  o.s.c.s.PostProcessorRegistrationDelegate$BeanPostProcessorChecker - Bean 'com.pms.portal.feignclient.PensionerDetailFeignClient' of type [org.springframework.cloud.openfeign.FeignClientFactoryBean] is not eligible for getting processed by all BeanPostProcessors (for example: not eligible for auto-proxying)
2022-05-23_10-54-12 [restartedMain] INFO  o.s.c.s.PostProcessorRegistrationDelegate$BeanPostProcessorChecker - Bean 'com.pms.portal.feignclient.ProcessPensionFeignClient' of type [org.springframework.cloud.openfeign.FeignClientFactoryBean] is not eligible for getting processed by all BeanPostProcessors (for example: not eligible for auto-proxying)
2022-05-23_10-54-12 [restartedMain] INFO  o.s.b.w.e.tomcat.TomcatWebServer - Tomcat initialized with port(s): 8500 (http)
2022-05-23_10-54-12 [restartedMain] INFO  o.a.coyote.http11.Http11NioProtocol - Initializing ProtocolHandler ["http-nio-8500"]
2022-05-23_10-54-12 [restartedMain] INFO  o.a.catalina.core.StandardService - Starting service [Tomcat]
2022-05-23_10-54-12 [restartedMain] INFO  o.a.catalina.core.StandardEngine - Starting Servlet engine: [Apache Tomcat/9.0.41]
2022-05-23_10-54-12 [restartedMain] INFO  org.apache.jasper.servlet.TldScanner - At least one JAR was scanned for TLDs yet contained no TLDs. Enable debug logging for this logger for a complete list of JARs that were scanned but no TLDs were found in them. Skipping unneeded JARs during scanning can improve startup time and JSP compilation time.
2022-05-23_10-54-12 [restartedMain] INFO  o.a.c.c.C.[Tomcat].[localhost].[/] - Initializing Spring embedded WebApplicationContext
2022-05-23_10-54-12 [restartedMain] INFO  o.s.b.w.s.c.ServletWebServerApplicationContext - Root WebApplicationContext: initialization completed in 3285 ms
2022-05-23_10-54-12 [restartedMain] INFO  o.s.s.c.ThreadPoolTaskExecutor - Initializing ExecutorService 'applicationTaskExecutor'
2022-05-23_10-54-12 [restartedMain] INFO  o.s.b.a.e.web.EndpointLinksResolver - Exposing 2 endpoint(s) beneath base path '/actuator'
2022-05-23_10-54-12 [restartedMain] INFO  o.a.coyote.http11.Http11NioProtocol - Starting ProtocolHandler ["http-nio-8500"]
2022-05-23_10-54-12 [restartedMain] INFO  o.s.b.w.e.tomcat.TomcatWebServer - Tomcat started on port(s): 8500 (http) with context path ''
2022-05-23_10-54-12 [restartedMain] INFO  c.p.p.PensionManagementPortalApplication - Started PensionManagementPortalApplication in 5.796 seconds (JVM running for 7.498)
2022-05-23_10-54-12 [Thread-1] INFO  o.s.s.c.ThreadPoolTaskExecutor - Shutting down ExecutorService 'applicationTaskExecutor'
2022-05-23_11-36-10 [restartedMain] INFO  c.p.p.PensionManagementPortalApplication - Starting PensionManagementPortalApplication using Java 15.0.2 on LAPTOP-99L8IUMB with PID 19044 (G:\Spring and Angular\pms-springboot-microservices\pms-pensionmanagementportal\target\classes started by KRITHIGA in G:\Spring and Angular\pms-springboot-microservices\pms-pensionmanagementportal)
2022-05-23_11-36-10 [restartedMain] INFO  c.p.p.PensionManagementPortalApplication - No active profile set, falling back to default profiles: default
2022-05-23_11-36-10 [restartedMain] INFO  o.s.cloud.context.scope.GenericScope - BeanFactory id=c2473bc8-a931-3f25-be51-07ab7b6fa7ba
2022-05-23_11-36-10 [restartedMain] INFO  o.s.c.s.PostProcessorRegistrationDelegate$BeanPostProcessorChecker - Bean 'com.pms.portal.feignclient.AuthorisingClient' of type [org.springframework.cloud.openfeign.FeignClientFactoryBean] is not eligible for getting processed by all BeanPostProcessors (for example: not eligible for auto-proxying)
2022-05-23_11-36-10 [restartedMain] INFO  o.s.c.s.PostProcessorRegistrationDelegate$BeanPostProcessorChecker - Bean 'com.pms.portal.feignclient.PensionerDetailFeignClient' of type [org.springframework.cloud.openfeign.FeignClientFactoryBean] is not eligible for getting processed by all BeanPostProcessors (for example: not eligible for auto-proxying)
2022-05-23_11-36-10 [restartedMain] INFO  o.s.c.s.PostProcessorRegistrationDelegate$BeanPostProcessorChecker - Bean 'com.pms.portal.feignclient.ProcessPensionFeignClient' of type [org.springframework.cloud.openfeign.FeignClientFactoryBean] is not eligible for getting processed by all BeanPostProcessors (for example: not eligible for auto-proxying)
2022-05-23_11-36-10 [restartedMain] INFO  o.s.b.w.e.tomcat.TomcatWebServer - Tomcat initialized with port(s): 8500 (http)
2022-05-23_11-36-10 [restartedMain] INFO  o.a.coyote.http11.Http11NioProtocol - Initializing ProtocolHandler ["http-nio-8500"]
2022-05-23_11-36-10 [restartedMain] INFO  o.a.catalina.core.StandardService - Starting service [Tomcat]
2022-05-23_11-36-10 [restartedMain] INFO  o.a.catalina.core.StandardEngine - Starting Servlet engine: [Apache Tomcat/9.0.41]
2022-05-23_11-36-10 [restartedMain] INFO  org.apache.jasper.servlet.TldScanner - At least one JAR was scanned for TLDs yet contained no TLDs. Enable debug logging for this logger for a complete list of JARs that were scanned but no TLDs were found in them. Skipping unneeded JARs during scanning can improve startup time and JSP compilation time.
2022-05-23_11-36-10 [restartedMain] INFO  o.a.c.c.C.[Tomcat].[localhost].[/] - Initializing Spring embedded WebApplicationContext
2022-05-23_11-36-10 [restartedMain] INFO  o.s.b.w.s.c.ServletWebServerApplicationContext - Root WebApplicationContext: initialization completed in 3034 ms
2022-05-23_11-36-10 [restartedMain] INFO  o.s.s.c.ThreadPoolTaskExecutor - Initializing ExecutorService 'applicationTaskExecutor'
2022-05-23_11-36-10 [restartedMain] INFO  o.s.b.a.e.web.EndpointLinksResolver - Exposing 2 endpoint(s) beneath base path '/actuator'
2022-05-23_11-36-10 [restartedMain] INFO  o.a.coyote.http11.Http11NioProtocol - Starting ProtocolHandler ["http-nio-8500"]
2022-05-23_11-36-10 [restartedMain] INFO  o.s.b.w.e.tomcat.TomcatWebServer - Tomcat started on port(s): 8500 (http) with context path ''
2022-05-23_11-36-10 [restartedMain] INFO  c.p.p.PensionManagementPortalApplication - Started PensionManagementPortalApplication in 6.683 seconds (JVM running for 2526.442)
2022-05-23_11-36-10 [restartedMain] INFO  o.s.b.d.a.ConditionEvaluationDeltaLoggingListener - Condition evaluation unchanged
2022-05-23_11-36-10 [Thread-8] INFO  o.s.s.c.ThreadPoolTaskExecutor - Shutting down ExecutorService 'applicationTaskExecutor'
2022-05-23_11-36-21 [restartedMain] INFO  c.p.p.PensionManagementPortalApplication - Starting PensionManagementPortalApplication using Java 15.0.2 on LAPTOP-99L8IUMB with PID 19044 (G:\Spring and Angular\pms-springboot-microservices\pms-pensionmanagementportal\target\classes started by KRITHIGA in G:\Spring and Angular\pms-springboot-microservices\pms-pensionmanagementportal)
2022-05-23_11-36-21 [restartedMain] INFO  c.p.p.PensionManagementPortalApplication - No active profile set, falling back to default profiles: default
2022-05-23_11-36-21 [restartedMain] INFO  o.s.cloud.context.scope.GenericScope - BeanFactory id=c2473bc8-a931-3f25-be51-07ab7b6fa7ba
2022-05-23_11-36-21 [restartedMain] INFO  o.s.c.s.PostProcessorRegistrationDelegate$BeanPostProcessorChecker - Bean 'com.pms.portal.feignclient.AuthorisingClient' of type [org.springframework.cloud.openfeign.FeignClientFactoryBean] is not eligible for getting processed by all BeanPostProcessors (for example: not eligible for auto-proxying)
2022-05-23_11-36-21 [restartedMain] INFO  o.s.c.s.PostProcessorRegistrationDelegate$BeanPostProcessorChecker - Bean 'com.pms.portal.feignclient.PensionerDetailFeignClient' of type [org.springframework.cloud.openfeign.FeignClientFactoryBean] is not eligible for getting processed by all BeanPostProcessors (for example: not eligible for auto-proxying)
2022-05-23_11-36-21 [restartedMain] INFO  o.s.c.s.PostProcessorRegistrationDelegate$BeanPostProcessorChecker - Bean 'com.pms.portal.feignclient.ProcessPensionFeignClient' of type [org.springframework.cloud.openfeign.FeignClientFactoryBean] is not eligible for getting processed by all BeanPostProcessors (for example: not eligible for auto-proxying)
2022-05-23_11-36-21 [restartedMain] INFO  o.s.b.w.e.tomcat.TomcatWebServer - Tomcat initialized with port(s): 8500 (http)
2022-05-23_11-36-21 [restartedMain] INFO  o.a.coyote.http11.Http11NioProtocol - Initializing ProtocolHandler ["http-nio-8500"]
2022-05-23_11-36-21 [restartedMain] INFO  o.a.catalina.core.StandardService - Starting service [Tomcat]
2022-05-23_11-36-21 [restartedMain] INFO  o.a.catalina.core.StandardEngine - Starting Servlet engine: [Apache Tomcat/9.0.41]
2022-05-23_11-36-21 [restartedMain] INFO  org.apache.jasper.servlet.TldScanner - At least one JAR was scanned for TLDs yet contained no TLDs. Enable debug logging for this logger for a complete list of JARs that were scanned but no TLDs were found in them. Skipping unneeded JARs during scanning can improve startup time and JSP compilation time.
2022-05-23_11-36-21 [restartedMain] INFO  o.a.c.c.C.[Tomcat].[localhost].[/] - Initializing Spring embedded WebApplicationContext
2022-05-23_11-36-21 [restartedMain] INFO  o.s.b.w.s.c.ServletWebServerApplicationContext - Root WebApplicationContext: initialization completed in 2626 ms
2022-05-23_11-36-21 [restartedMain] INFO  o.s.s.c.ThreadPoolTaskExecutor - Initializing ExecutorService 'applicationTaskExecutor'
2022-05-23_11-36-21 [restartedMain] INFO  o.s.b.a.e.web.EndpointLinksResolver - Exposing 2 endpoint(s) beneath base path '/actuator'
2022-05-23_11-36-21 [restartedMain] INFO  o.a.coyote.http11.Http11NioProtocol - Starting ProtocolHandler ["http-nio-8500"]
2022-05-23_11-36-21 [restartedMain] INFO  o.s.b.w.e.tomcat.TomcatWebServer - Tomcat started on port(s): 8500 (http) with context path ''
2022-05-23_11-36-21 [restartedMain] INFO  c.p.p.PensionManagementPortalApplication - Started PensionManagementPortalApplication in 7.133 seconds (JVM running for 2537.867)
2022-05-23_11-36-21 [restartedMain] INFO  o.s.b.d.a.ConditionEvaluationDeltaLoggingListener - Condition evaluation unchanged
2022-05-23_11-43-54 [restartedMain] INFO  c.p.p.PensionManagementPortalApplication - Starting PensionManagementPortalApplication using Java 15.0.2 on LAPTOP-99L8IUMB with PID 16516 (G:\Spring and Angular\pms-springboot-microservices\pms-pensionmanagementportal\target\classes started by KRITHIGA in G:\Spring and Angular\pms-springboot-microservices\pms-pensionmanagementportal)
2022-05-23_11-43-54 [restartedMain] INFO  c.p.p.PensionManagementPortalApplication - No active profile set, falling back to default profiles: default
2022-05-23_11-43-54 [restartedMain] INFO  o.s.b.d.e.DevToolsPropertyDefaultsPostProcessor - Devtools property defaults active! Set 'spring.devtools.add-properties' to 'false' to disable
2022-05-23_11-43-54 [restartedMain] INFO  o.s.b.d.e.DevToolsPropertyDefaultsPostProcessor - For additional web related logging consider setting the 'logging.level.web' property to 'DEBUG'
2022-05-23_11-43-54 [restartedMain] INFO  o.s.cloud.context.scope.GenericScope - BeanFactory id=c2473bc8-a931-3f25-be51-07ab7b6fa7ba
2022-05-23_11-43-54 [restartedMain] INFO  o.s.c.s.PostProcessorRegistrationDelegate$BeanPostProcessorChecker - Bean 'com.pms.portal.feignclient.AuthorisingClient' of type [org.springframework.cloud.openfeign.FeignClientFactoryBean] is not eligible for getting processed by all BeanPostProcessors (for example: not eligible for auto-proxying)
2022-05-23_11-43-54 [restartedMain] INFO  o.s.c.s.PostProcessorRegistrationDelegate$BeanPostProcessorChecker - Bean 'com.pms.portal.feignclient.PensionerDetailFeignClient' of type [org.springframework.cloud.openfeign.FeignClientFactoryBean] is not eligible for getting processed by all BeanPostProcessors (for example: not eligible for auto-proxying)
2022-05-23_11-43-54 [restartedMain] INFO  o.s.c.s.PostProcessorRegistrationDelegate$BeanPostProcessorChecker - Bean 'com.pms.portal.feignclient.ProcessPensionFeignClient' of type [org.springframework.cloud.openfeign.FeignClientFactoryBean] is not eligible for getting processed by all BeanPostProcessors (for example: not eligible for auto-proxying)
2022-05-23_11-43-54 [restartedMain] INFO  o.s.b.w.e.tomcat.TomcatWebServer - Tomcat initialized with port(s): 8500 (http)
2022-05-23_11-43-54 [restartedMain] INFO  o.a.coyote.http11.Http11NioProtocol - Initializing ProtocolHandler ["http-nio-8500"]
2022-05-23_11-43-54 [restartedMain] INFO  o.a.catalina.core.StandardService - Starting service [Tomcat]
2022-05-23_11-43-54 [restartedMain] INFO  o.a.catalina.core.StandardEngine - Starting Servlet engine: [Apache Tomcat/9.0.41]
2022-05-23_11-43-54 [restartedMain] INFO  org.apache.jasper.servlet.TldScanner - At least one JAR was scanned for TLDs yet contained no TLDs. Enable debug logging for this logger for a complete list of JARs that were scanned but no TLDs were found in them. Skipping unneeded JARs during scanning can improve startup time and JSP compilation time.
2022-05-23_11-43-54 [restartedMain] INFO  o.a.c.c.C.[Tomcat].[localhost].[/] - Initializing Spring embedded WebApplicationContext
2022-05-23_11-43-54 [restartedMain] INFO  o.s.b.w.s.c.ServletWebServerApplicationContext - Root WebApplicationContext: initialization completed in 3243 ms
2022-05-23_11-43-54 [restartedMain] INFO  o.s.s.c.ThreadPoolTaskExecutor - Initializing ExecutorService 'applicationTaskExecutor'
2022-05-23_11-43-54 [restartedMain] INFO  o.s.b.a.e.web.EndpointLinksResolver - Exposing 2 endpoint(s) beneath base path '/actuator'
2022-05-23_11-43-54 [restartedMain] INFO  o.a.coyote.http11.Http11NioProtocol - Starting ProtocolHandler ["http-nio-8500"]
2022-05-23_11-43-54 [restartedMain] INFO  o.s.b.w.e.tomcat.TomcatWebServer - Tomcat started on port(s): 8500 (http) with context path ''
2022-05-23_11-43-54 [restartedMain] INFO  c.p.p.PensionManagementPortalApplication - Started PensionManagementPortalApplication in 5.844 seconds (JVM running for 7.556)
