2022-05-14_22-09-47 [restartedMain] INFO  c.p.p.PensionManagementPortalApplication - Starting PensionManagementPortalApplication using Java 15.0.2 on LAPTOP-99L8IUMB with PID 11824 (G:\eclipse-workspace\pms-PensionManagementPortal\target\classes started by KRITHIGA in G:\eclipse-workspace\pms-PensionManagementPortal)
2022-05-14_22-09-47 [restartedMain] INFO  c.p.p.PensionManagementPortalApplication - No active profile set, falling back to default profiles: default
2022-05-14_22-09-47 [restartedMain] INFO  o.s.b.d.e.DevToolsPropertyDefaultsPostProcessor - Devtools property defaults active! Set 'spring.devtools.add-properties' to 'false' to disable
2022-05-14_22-09-47 [restartedMain] INFO  o.s.b.d.e.DevToolsPropertyDefaultsPostProcessor - For additional web related logging consider setting the 'logging.level.web' property to 'DEBUG'
2022-05-14_22-09-47 [restartedMain] INFO  o.s.cloud.context.scope.GenericScope - BeanFactory id=e8e55ab1-785c-391f-85db-be343b653cee
2022-05-14_22-09-47 [restartedMain] INFO  o.s.c.s.PostProcessorRegistrationDelegate$BeanPostProcessorChecker - Bean 'com.pms.portal.feignclient.AuthorisingClient' of type [org.springframework.cloud.openfeign.FeignClientFactoryBean] is not eligible for getting processed by all BeanPostProcessors (for example: not eligible for auto-proxying)
2022-05-14_22-09-47 [restartedMain] INFO  o.s.c.s.PostProcessorRegistrationDelegate$BeanPostProcessorChecker - Bean 'com.pms.portal.feignclient.PensionerDetailFeignClient' of type [org.springframework.cloud.openfeign.FeignClientFactoryBean] is not eligible for getting processed by all BeanPostProcessors (for example: not eligible for auto-proxying)
2022-05-14_22-09-47 [restartedMain] INFO  o.s.c.s.PostProcessorRegistrationDelegate$BeanPostProcessorChecker - Bean 'com.pms.portal.feignclient.ProcessPensionFeignClient' of type [org.springframework.cloud.openfeign.FeignClientFactoryBean] is not eligible for getting processed by all BeanPostProcessors (for example: not eligible for auto-proxying)
2022-05-14_22-09-47 [restartedMain] INFO  o.s.b.w.e.tomcat.TomcatWebServer - Tomcat initialized with port(s): 8500 (http)
2022-05-14_22-09-47 [restartedMain] INFO  o.a.coyote.http11.Http11NioProtocol - Initializing ProtocolHandler ["http-nio-8500"]
2022-05-14_22-09-47 [restartedMain] INFO  o.a.catalina.core.StandardService - Starting service [Tomcat]
2022-05-14_22-09-47 [restartedMain] INFO  o.a.catalina.core.StandardEngine - Starting Servlet engine: [Apache Tomcat/9.0.41]
2022-05-14_22-09-47 [restartedMain] INFO  org.apache.jasper.servlet.TldScanner - At least one JAR was scanned for TLDs yet contained no TLDs. Enable debug logging for this logger for a complete list of JARs that were scanned but no TLDs were found in them. Skipping unneeded JARs during scanning can improve startup time and JSP compilation time.
2022-05-14_22-09-47 [restartedMain] INFO  o.a.c.c.C.[Tomcat].[localhost].[/] - Initializing Spring embedded WebApplicationContext
2022-05-14_22-09-47 [restartedMain] INFO  o.s.b.w.s.c.ServletWebServerApplicationContext - Root WebApplicationContext: initialization completed in 3573 ms
2022-05-14_22-09-47 [restartedMain] INFO  o.s.s.c.ThreadPoolTaskExecutor - Initializing ExecutorService 'applicationTaskExecutor'
2022-05-14_22-09-47 [restartedMain] INFO  o.s.b.a.e.web.EndpointLinksResolver - Exposing 2 endpoint(s) beneath base path '/actuator'
2022-05-14_22-09-47 [restartedMain] INFO  o.a.coyote.http11.Http11NioProtocol - Starting ProtocolHandler ["http-nio-8500"]
2022-05-14_22-09-47 [restartedMain] INFO  o.s.b.w.e.tomcat.TomcatWebServer - Tomcat started on port(s): 8500 (http) with context path ''
2022-05-14_22-09-47 [restartedMain] INFO  c.p.p.PensionManagementPortalApplication - Started PensionManagementPortalApplication in 6.157 seconds (JVM running for 8.676)
